2018-10-21 20:49:15,882 - MainThread ] - INFO: ClientWindow.__init__ 初始化完成
2018-10-21 20:49:38,965 - MainThread ] - INFO: 服务器连接成功
2018-10-21 20:49:39,866 - MainThread ] - INFO: 打印日志线程启动成功
2018-10-21 20:49:41,806 - MainThread ] - INFO: 连接到语音模块成功
2018-10-21 20:49:46,517 - onrecv_thread ] - INFO: 请求获取告警通讯队列发送,请求功能号:10000
2018-10-21 20:49:46,518 - onrecv_thread ] - INFO: 请求获取告警通讯队列完成:{'head': '101', 'data': (1, 3, 99, 1, '20181020 20:23:55', ' ', '', '故障: TOP进程异常', 'Problem started at 20:23:53 on 2018.10.20\\r\\nProblem name: TOP进程异常\\r\\nHost: Zabbix server\\r\\nSeverity: Disaster\\r\\n\\r\\nOriginal problem ID: 99\\r\\n', 2, 3, 'No media defined for user.', 1, 0, ' ', ' ')}
2018-10-21 20:49:46,518 - onrecv_thread ] - INFO: RecvToWrite_Q队列put一条成功
2018-10-21 20:49:48,519 - onrecv_thread ] - INFO: 请求获取告警通讯队列完成:{'head': '101', 'data': (2, 3, 101, 1, '20181020 20:50:06', ' ', '', '故障: TOP进程异常', 'Problem started at 20:50:03 on 2018.10.20\\r\\nProblem name: TOP进程异常\\r\\nHost: Zabbix server\\r\\nSeverity: Disaster\\r\\n\\r\\nOriginal problem ID: 101\\r\\n', 2, 3, 'No media defined for user.', 1, 0, ' ', ' ')}
2018-10-21 20:49:48,519 - onrecv_thread ] - INFO: RecvToWrite_Q队列put一条成功
2018-10-21 20:49:49,518 - onwrite_thread ] - INFO: 监测到队列RecvToWrite_Q有消息，准备将消息写入OnWrite.txt文件
2018-10-21 20:49:49,519 - onwrite_thread ] - INFO: OnWrite.txt文件写入消息:Problem started at 20:23:53 on 2018.10.20\r\nProblem name: TOP进程异常\r\nHost: Zabbix server\r\nSeverity: Disaster\r\n\r\nOriginal problem ID: 99\r\n
2018-10-21 20:49:49,520 - onwrite_thread ] - INFO: 监测到队列RecvToWrite_Q有消息，准备将消息写入OnWrite.txt文件
2018-10-21 20:49:49,520 - onwrite_thread ] - INFO: OnWrite.txt文件写入消息:Problem started at 20:50:03 on 2018.10.20\r\nProblem name: TOP进程异常\r\nHost: Zabbix server\r\nSeverity: Disaster\r\n\r\nOriginal problem ID: 101\r\n
2018-10-21 20:49:50,520 - onrecv_thread ] - INFO: 请求获取告警通讯队列完成:{'head': '101', 'data': (3, 3, 102, 1, '20181020 21:00:45', ' ', '', '故障恢复: TOP进程异常', 'Problem has been resolved at 21:00:43 on 2018.10.20\\r\\nProblem name: TOP进程异常\\r\\nHost: Zabbix server\\r\\nSeverity: Disaster\\r\\n\\r\\nOriginal problem ID: 101\\r\\n', 2, 3, 'No media defined for user.', 1, 0, 101, ' ')}
2018-10-21 20:49:50,520 - onrecv_thread ] - INFO: RecvToWrite_Q队列put一条成功
2018-10-21 20:49:52,520 - onrecv_thread ] - INFO: 请求获取告警通讯队列完成:{'head': '101', 'data': (4, 3, 103, 1, '20181020 21:43:56', ' ', '', '故障: TOP进程异常', 'Problem started at 21:43:53 on 2018.10.20\\r\\nProblem name: TOP进程异常\\r\\nHost: Zabbix server\\r\\nSeverity: Disaster\\r\\n\\r\\nOriginal problem ID: 103\\r\\n', 2, 3, 'No media defined for user.', 1, 0, ' ', ' ')}
2018-10-21 20:49:52,521 - onrecv_thread ] - INFO: RecvToWrite_Q队列put一条成功
2018-10-21 20:49:52,522 - onwrite_thread ] - INFO: 监测到队列RecvToWrite_Q有消息，准备将消息写入OnWrite.txt文件
2018-10-21 20:49:52,522 - onwrite_thread ] - INFO: OnWrite.txt文件写入消息:Problem has been resolved at 21:00:43 on 2018.10.20\r\nProblem name: TOP进程异常\r\nHost: Zabbix server\r\nSeverity: Disaster\r\n\r\nOriginal problem ID: 101\r\n
2018-10-21 20:49:52,524 - onwrite_thread ] - INFO: 监测到队列RecvToWrite_Q有消息，准备将消息写入OnWrite.txt文件
2018-10-21 20:49:52,524 - onwrite_thread ] - INFO: OnWrite.txt文件写入消息:Problem started at 21:43:53 on 2018.10.20\r\nProblem name: TOP进程异常\r\nHost: Zabbix server\r\nSeverity: Disaster\r\n\r\nOriginal problem ID: 103\r\n
2018-10-21 20:49:54,521 - onrecv_thread ] - INFO: 请求获取告警通讯队列完成:{'head': '101', 'data': (5, 3, 104, 1, '20181021 00:36:14', ' ', '', '故障恢复: TOP进程异常', 'Problem has been resolved at 00:36:13 on 2018.10.21\\r\\nProblem name: TOP进程异常\\r\\nHost: Zabbix server\\r\\nSeverity: Disaster\\r\\n\\r\\nOriginal problem ID: 103\\r\\n', 2, 3, 'No media defined for user.', 1, 0, 103, ' ')}
2018-10-21 20:49:54,522 - onrecv_thread ] - INFO: RecvToWrite_Q队列put一条成功
2018-10-21 20:49:55,526 - onwrite_thread ] - INFO: 监测到队列RecvToWrite_Q有消息，准备将消息写入OnWrite.txt文件
2018-10-21 20:49:55,528 - onwrite_thread ] - INFO: OnWrite.txt文件写入消息:Problem has been resolved at 00:36:13 on 2018.10.21\r\nProblem name: TOP进程异常\r\nHost: Zabbix server\r\nSeverity: Disaster\r\n\r\nOriginal problem ID: 103\r\n
2018-10-21 20:49:56,522 - onrecv_thread ] - INFO: 请求获取告警通讯队列完成:{'head': '101', 'data': (6, 3, 105, 1, '20181021 00:45:06', ' ', '', '故障: TOP进程异常', 'Problem started at 00:45:03 on 2018.10.21\\r\\nProblem name: TOP进程异常\\r\\nHost: Zabbix server\\r\\nSeverity: Disaster\\r\\n\\r\\nOriginal problem ID: 105\\r\\n', 2, 3, 'No media defined for user.', 1, 0, ' ', ' ')}
2018-10-21 20:49:56,523 - onrecv_thread ] - INFO: RecvToWrite_Q队列put一条成功
2018-10-21 20:49:58,523 - onrecv_thread ] - INFO: 请求获取告警通讯队列完成:{'head': '101', 'data': (7, 3, 106, 1, '20181021 00:54:45', ' ', '', '故障恢复: TOP进程异常', 'Problem has been resolved at 00:54:43 on 2018.10.21\\r\\nProblem name: TOP进程异常\\r\\nHost: Zabbix server\\r\\nSeverity: Disaster\\r\\n\\r\\nOriginal problem ID: 105\\r\\n', 2, 3, 'No media defined for user.', 1, 0, 105, ' ')}
2018-10-21 20:49:58,524 - onrecv_thread ] - INFO: RecvToWrite_Q队列put一条成功
2018-10-21 20:49:58,532 - onwrite_thread ] - INFO: 监测到队列RecvToWrite_Q有消息，准备将消息写入OnWrite.txt文件
2018-10-21 20:49:58,532 - onwrite_thread ] - INFO: OnWrite.txt文件写入消息:Problem started at 00:45:03 on 2018.10.21\r\nProblem name: TOP进程异常\r\nHost: Zabbix server\r\nSeverity: Disaster\r\n\r\nOriginal problem ID: 105\r\n
2018-10-21 20:49:58,533 - onwrite_thread ] - INFO: 监测到队列RecvToWrite_Q有消息，准备将消息写入OnWrite.txt文件
2018-10-21 20:49:58,534 - onwrite_thread ] - INFO: OnWrite.txt文件写入消息:Problem has been resolved at 00:54:43 on 2018.10.21\r\nProblem name: TOP进程异常\r\nHost: Zabbix server\r\nSeverity: Disaster\r\n\r\nOriginal problem ID: 105\r\n
2018-10-21 20:49:58,608 - MainThread ] - INFO: 发送语音模块开关命令通知成功,当前状态 == start
2018-10-21 20:50:00,524 - onrecv_thread ] - INFO: 请求获取告警通讯队列完成:{'head': '101', 'data': (8, 3, 107, 1, '20181021 01:02:16', ' ', '', '故障: TOP进程异常', 'Problem started at 01:02:13 on 2018.10.21\\r\\nProblem name: TOP进程异常\\r\\nHost: Zabbix server\\r\\nSeverity: Disaster\\r\\n\\r\\nOriginal problem ID: 107\\r\\n', 2, 3, 'No media defined for user.', 1, 0, ' ', ' ')}
2018-10-21 20:50:00,525 - onrecv_thread ] - INFO: RecvToWrite_Q队列put一条成功
2018-10-21 20:50:01,535 - onwrite_thread ] - INFO: 监测到队列RecvToWrite_Q有消息，准备将消息写入OnWrite.txt文件
2018-10-21 20:50:01,536 - onwrite_thread ] - INFO: OnWrite.txt文件写入消息:Problem started at 01:02:13 on 2018.10.21\r\nProblem name: TOP进程异常\r\nHost: Zabbix server\r\nSeverity: Disaster\r\n\r\nOriginal problem ID: 107\r\n
2018-10-21 20:50:02,524 - onrecv_thread ] - INFO: 请求获取告警通讯队列完成:{'head': '101', 'data': (9, 3, 108, 1, '20181021 01:04:34', ' ', '', '故障恢复: TOP进程异常', 'Problem has been resolved at 01:04:33 on 2018.10.21\\r\\nProblem name: TOP进程异常\\r\\nHost: Zabbix server\\r\\nSeverity: Disaster\\r\\n\\r\\nOriginal problem ID: 107\\r\\n', 2, 3, 'No media defined for user.', 1, 0, 107, ' ')}
2018-10-21 20:50:02,524 - onrecv_thread ] - INFO: RecvToWrite_Q队列put一条成功
2018-10-21 20:50:04,525 - onrecv_thread ] - INFO: 请求获取告警通讯队列完成:{'head': '101', 'data': (10, 3, 109, 1, '20181021 01:09:16', ' ', '', '故障: TOP进程异常', 'Problem started at 01:09:13 on 2018.10.21\\r\\nProblem name: TOP进程异常\\r\\nHost: Zabbix server\\r\\nSeverity: Disaster\\r\\n\\r\\nOriginal problem ID: 109\\r\\n', 2, 3, 'No media defined for user.', 1, 0, ' ', ' ')}
2018-10-21 20:50:04,526 - onrecv_thread ] - INFO: RecvToWrite_Q队列put一条成功
2018-10-21 20:50:04,537 - onwrite_thread ] - INFO: 监测到队列RecvToWrite_Q有消息，准备将消息写入OnWrite.txt文件
2018-10-21 20:50:04,538 - onwrite_thread ] - INFO: OnWrite.txt文件写入消息:Problem has been resolved at 01:04:33 on 2018.10.21\r\nProblem name: TOP进程异常\r\nHost: Zabbix server\r\nSeverity: Disaster\r\n\r\nOriginal problem ID: 107\r\n
2018-10-21 20:50:04,538 - onwrite_thread ] - INFO: 监测到队列RecvToWrite_Q有消息，准备将消息写入OnWrite.txt文件
2018-10-21 20:50:04,539 - onwrite_thread ] - INFO: OnWrite.txt文件写入消息:Problem started at 01:09:13 on 2018.10.21\r\nProblem name: TOP进程异常\r\nHost: Zabbix server\r\nSeverity: Disaster\r\n\r\nOriginal problem ID: 109\r\n
2018-10-21 20:50:06,526 - onrecv_thread ] - INFO: 请求获取告警通讯队列完成:{'head': '101', 'data': (11, 3, 110, 1, '20181021 01:22:55', ' ', '', '故障恢复: TOP进程异常', 'Problem has been resolved at 01:22:53 on 2018.10.21\\r\\nProblem name: TOP进程异常\\r\\nHost: Zabbix server\\r\\nSeverity: Disaster\\r\\n\\r\\nOriginal problem ID: 109\\r\\n', 2, 3, 'No media defined for user.', 1, 0, 109, ' ')}
2018-10-21 20:50:06,527 - onrecv_thread ] - INFO: RecvToWrite_Q队列put一条成功
2018-10-21 20:50:07,540 - onwrite_thread ] - INFO: 监测到队列RecvToWrite_Q有消息，准备将消息写入OnWrite.txt文件
2018-10-21 20:50:07,541 - onwrite_thread ] - INFO: OnWrite.txt文件写入消息:Problem has been resolved at 01:22:53 on 2018.10.21\r\nProblem name: TOP进程异常\r\nHost: Zabbix server\r\nSeverity: Disaster\r\n\r\nOriginal problem ID: 109\r\n
2018-10-21 20:50:08,527 - onrecv_thread ] - INFO: 请求获取告警通讯队列完成:{'head': '101', 'data': (12, 3, 111, 1, '20181021 01:24:16', ' ', '', '故障: TOP进程异常', 'Problem started at 01:24:13 on 2018.10.21\\r\\nProblem name: TOP进程异常\\r\\nHost: Zabbix server\\r\\nSeverity: Disaster\\r\\n\\r\\nOriginal problem ID: 111\\r\\n', 2, 3, 'No media defined for user.', 1, 0, ' ', ' ')}
2018-10-21 20:50:08,528 - onrecv_thread ] - INFO: RecvToWrite_Q队列put一条成功
2018-10-21 20:50:10,528 - onrecv_thread ] - INFO: 请求获取告警通讯队列完成:{'head': '101', 'data': (13, 3, 112, 1, '20181021 01:30:04', ' ', '', '故障恢复: TOP进程异常', 'Problem has been resolved at 01:30:03 on 2018.10.21\\r\\nProblem name: TOP进程异常\\r\\nHost: Zabbix server\\r\\nSeverity: Disaster\\r\\n\\r\\nOriginal problem ID: 111\\r\\n', 2, 3, 'No media defined for user.', 1, 0, 111, ' ')}
2018-10-21 20:50:10,529 - onrecv_thread ] - INFO: RecvToWrite_Q队列put一条成功
2018-10-21 20:50:10,542 - onwrite_thread ] - INFO: 监测到队列RecvToWrite_Q有消息，准备将消息写入OnWrite.txt文件
2018-10-21 20:50:10,543 - onwrite_thread ] - INFO: OnWrite.txt文件写入消息:Problem started at 01:24:13 on 2018.10.21\r\nProblem name: TOP进程异常\r\nHost: Zabbix server\r\nSeverity: Disaster\r\n\r\nOriginal problem ID: 111\r\n
2018-10-21 20:50:10,543 - onwrite_thread ] - INFO: 监测到队列RecvToWrite_Q有消息，准备将消息写入OnWrite.txt文件
2018-10-21 20:50:10,544 - onwrite_thread ] - INFO: OnWrite.txt文件写入消息:Problem has been resolved at 01:30:03 on 2018.10.21\r\nProblem name: TOP进程异常\r\nHost: Zabbix server\r\nSeverity: Disaster\r\n\r\nOriginal problem ID: 111\r\n
2018-10-21 20:50:12,529 - onrecv_thread ] - INFO: 请求获取告警通讯队列完成:{'head': '101', 'data': (14, 3, 113, 1, '20181021 02:10:07', ' ', '', '故障: TOP进程异常', 'Problem started at 02:10:03 on 2018.10.21\\r\\nProblem name: TOP进程异常\\r\\nHost: Zabbix server\\r\\nSeverity: Disaster\\r\\n\\r\\nOriginal problem ID: 113\\r\\n', 2, 3, 'No media defined for user.', 1, 0, ' ', ' ')}
2018-10-21 20:50:12,529 - onrecv_thread ] - INFO: RecvToWrite_Q队列put一条成功
2018-10-21 20:50:13,546 - onwrite_thread ] - INFO: 监测到队列RecvToWrite_Q有消息，准备将消息写入OnWrite.txt文件
2018-10-21 20:50:13,547 - onwrite_thread ] - INFO: OnWrite.txt文件写入消息:Problem started at 02:10:03 on 2018.10.21\r\nProblem name: TOP进程异常\r\nHost: Zabbix server\r\nSeverity: Disaster\r\n\r\nOriginal problem ID: 113\r\n
2018-10-21 20:50:14,530 - onrecv_thread ] - INFO: 请求获取告警通讯队列完成:{'head': '101', 'data': (15, 3, 114, 1, '20181021 10:41:22', ' ', '', '故障: Zabbix agent on Zabbix server is unreachable for 5 minutes', 'Problem started at 10:41:21 on 2018.10.21\\r\\nProblem name: Zabbix agent on Zabbix server is unreachable for 5 minutes\\r\\nHost: Zabbix server\\r\\nSeverity: Average\\r\\n\\r\\nOriginal problem ID: 114\\r\\n', 2, 3, 'No media defined for user.', 1, 0, ' ', ' ')}
2018-10-21 20:50:14,530 - onrecv_thread ] - INFO: RecvToWrite_Q队列put一条成功
2018-10-21 20:50:16,531 - onrecv_thread ] - INFO: 请求获取告警通讯队列完成:{'head': '101', 'data': (16, 3, 115, 1, '20181021 10:41:25', ' ', '', '故障恢复: Zabbix agent on Zabbix server is unreachable for 5 minutes', 'Problem has been resolved at 10:41:23 on 2018.10.21\\r\\nProblem name: Zabbix agent on Zabbix server is unreachable for 5 minutes\\r\\nHost: Zabbix server\\r\\nSeverity: Average\\r\\n\\r\\nOriginal problem ID: 114\\r\\n', 2, 3, 'No media defined for user.', 1, 0, 114, ' ')}
2018-10-21 20:50:16,532 - onrecv_thread ] - INFO: RecvToWrite_Q队列put一条成功
2018-10-21 20:50:16,548 - onwrite_thread ] - INFO: 监测到队列RecvToWrite_Q有消息，准备将消息写入OnWrite.txt文件
2018-10-21 20:50:16,549 - onwrite_thread ] - INFO: OnWrite.txt文件写入消息:Problem started at 10:41:21 on 2018.10.21\r\nProblem name: Zabbix agent on Zabbix server is unreachable for 5 minutes\r\nHost: Zabbix server\r\nSeverity: Average\r\n\r\nOriginal problem ID: 114\r\n
2018-10-21 20:50:16,550 - onwrite_thread ] - INFO: 监测到队列RecvToWrite_Q有消息，准备将消息写入OnWrite.txt文件
2018-10-21 20:50:16,551 - onwrite_thread ] - INFO: OnWrite.txt文件写入消息:Problem has been resolved at 10:41:23 on 2018.10.21\r\nProblem name: Zabbix agent on Zabbix server is unreachable for 5 minutes\r\nHost: Zabbix server\r\nSeverity: Average\r\n\r\nOriginal problem ID: 114\r\n
2018-10-21 20:50:18,532 - onrecv_thread ] - INFO: 请求获取告警通讯队列完成:{'head': '101', 'data': (17, 3, 116, 1, '20181021 13:09:13', ' ', '', '故障恢复: TOP进程异常', 'Problem has been resolved at13:09:13on2018.10.21Problem name: TOP进程异常Host: Zabbix serverSeverity: DisasterOriginal problem ID: 113', 2, 3, 'No media defined for user.', 1, 0, 113, ' ')}
2018-10-21 20:50:18,533 - onrecv_thread ] - INFO: RecvToWrite_Q队列put一条成功
2018-10-21 20:50:19,553 - onwrite_thread ] - INFO: 监测到队列RecvToWrite_Q有消息，准备将消息写入OnWrite.txt文件
2018-10-21 20:50:19,553 - onwrite_thread ] - INFO: OnWrite.txt文件写入消息:Problem has been resolved at13:09:13on2018.10.21Problem name: TOP进程异常Host: Zabbix serverSeverity: DisasterOriginal problem ID: 113
2018-10-21 20:50:20,534 - onrecv_thread ] - INFO: 请求获取告警通讯队列完成:{'head': '101', 'data': (18, 3, 117, 1, '20181021 13:10:44', ' ', '', '故障: TOP进程异常', 'Problem started at 13:10:43 on 2018.10.21ProblemnameTOP进程异常\\r\\nHost: Zabbix serverSeverity: DisasterOriginal problem ID: 117', 2, 3, 'No media defined for user.', 1, 0, ' ', ' ')}
2018-10-21 20:50:20,534 - onrecv_thread ] - INFO: RecvToWrite_Q队列put一条成功
2018-10-21 20:50:22,535 - onrecv_thread ] - INFO: 请求获取告警通讯队列完成:{'head': '101', 'data': (19, 3, 118, 1, '20181021 13:11:23', ' ', '', '故障恢复: TOP进程异常', 'Problem has been resolved at13:11:23on2018.10.21Problem name: TOP进程异常Host: Zabbix serverSeverity: DisasterOriginal problem ID: 117', 2, 3, 'No media defined for user.', 1, 0, 117, ' ')}
2018-10-21 20:50:22,536 - onrecv_thread ] - INFO: RecvToWrite_Q队列put一条成功
2018-10-21 20:50:22,555 - onwrite_thread ] - INFO: 监测到队列RecvToWrite_Q有消息，准备将消息写入OnWrite.txt文件
2018-10-21 20:50:22,555 - onwrite_thread ] - INFO: OnWrite.txt文件写入消息:Problem started at 13:10:43 on 2018.10.21ProblemnameTOP进程异常\r\nHost: Zabbix serverSeverity: DisasterOriginal problem ID: 117
2018-10-21 20:50:22,556 - onwrite_thread ] - INFO: 监测到队列RecvToWrite_Q有消息，准备将消息写入OnWrite.txt文件
2018-10-21 20:50:22,556 - onwrite_thread ] - INFO: OnWrite.txt文件写入消息:Problem has been resolved at13:11:23on2018.10.21Problem name: TOP进程异常Host: Zabbix serverSeverity: DisasterOriginal problem ID: 117
2018-10-21 20:50:24,536 - onrecv_thread ] - INFO: 请求获取告警通讯队列完成:{'head': '101', 'data': (20, 3, 119, 1, '20181021 13:12:26', ' ', '', '故障: TOP进程异常', 'Problem started at 13:12:23 on 2018.10.21ProblemnameTOP进程异常\\r\\nHost: Zabbix serverSeverity: DisasterOriginal problem ID: 119', 2, 3, 'No media defined for user.', 1, 0, ' ', ' ')}
2018-10-21 20:50:24,537 - onrecv_thread ] - INFO: RecvToWrite_Q队列put一条成功
2018-10-21 20:50:25,558 - onwrite_thread ] - INFO: 监测到队列RecvToWrite_Q有消息，准备将消息写入OnWrite.txt文件
2018-10-21 20:50:25,558 - onwrite_thread ] - INFO: OnWrite.txt文件写入消息:Problem started at 13:12:23 on 2018.10.21ProblemnameTOP进程异常\r\nHost: Zabbix serverSeverity: DisasterOriginal problem ID: 119
2018-10-21 20:50:26,537 - onrecv_thread ] - INFO: 请求获取告警通讯队列完成:{'head': '101', 'data': (21, 3, 120, 1, '20181021 13:13:26', ' ', '', '故障恢复: TOP进程异常', 'Problem has been resolved at13:13:23on2018.10.21Problem name: TOP进程异常Host: Zabbix serverSeverity: DisasterOriginal problem ID: 119', 2, 3, 'No media defined for user.', 1, 0, 119, ' ')}
2018-10-21 20:50:26,537 - onrecv_thread ] - INFO: RecvToWrite_Q队列put一条成功
2018-10-21 20:50:28,538 - onrecv_thread ] - INFO: 请求获取告警通讯队列完成:{'head': '101', 'data': (22, 3, 121, 1, '20181021 13:37:15', ' ', '', '故障: TOP进程异常', 'Problem started at 13:37:13 on 2018.10.21ProblemnameTOP进程异常\\r\\nHost: Zabbix serverSeverity: DisasterOriginal problem ID: 121', 2, 3, 'No media defined for user.', 1, 0, ' ', ' ')}
2018-10-21 20:50:28,538 - onrecv_thread ] - INFO: RecvToWrite_Q队列put一条成功
2018-10-21 20:50:28,560 - onwrite_thread ] - INFO: 监测到队列RecvToWrite_Q有消息，准备将消息写入OnWrite.txt文件
2018-10-21 20:50:28,561 - onwrite_thread ] - INFO: OnWrite.txt文件写入消息:Problem has been resolved at13:13:23on2018.10.21Problem name: TOP进程异常Host: Zabbix serverSeverity: DisasterOriginal problem ID: 119
2018-10-21 20:50:28,561 - onwrite_thread ] - INFO: 监测到队列RecvToWrite_Q有消息，准备将消息写入OnWrite.txt文件
2018-10-21 20:50:28,562 - onwrite_thread ] - INFO: OnWrite.txt文件写入消息:Problem started at 13:37:13 on 2018.10.21ProblemnameTOP进程异常\r\nHost: Zabbix serverSeverity: DisasterOriginal problem ID: 121
2018-10-21 20:50:30,538 - onrecv_thread ] - INFO: 请求获取告警通讯队列完成:{'head': '101', 'data': (23, 3, 122, 1, '20181021 13:47:06', ' ', '', '故障恢复: TOP进程异常', 'Problem has been resolved at13:47:03on2018.10.21Problem name: TOP进程异常Host: Zabbix serverSeverity: DisasterOriginal problem ID: 121', 2, 3, 'No media defined for user.', 1, 0, 121, ' ')}
2018-10-21 20:50:30,539 - onrecv_thread ] - INFO: RecvToWrite_Q队列put一条成功
2018-10-21 20:50:31,563 - onwrite_thread ] - INFO: 监测到队列RecvToWrite_Q有消息，准备将消息写入OnWrite.txt文件
2018-10-21 20:50:31,564 - onwrite_thread ] - INFO: OnWrite.txt文件写入消息:Problem has been resolved at13:47:03on2018.10.21Problem name: TOP进程异常Host: Zabbix serverSeverity: DisasterOriginal problem ID: 121
2018-10-21 20:50:32,539 - onrecv_thread ] - INFO: 请求获取告警通讯队列完成:{'head': '101', 'data': (24, 3, 123, 1, '20181021 13:48:24', ' ', '', '故障: TOP进程异常', 'Problem started at 13:48:23 on 2018.10.21ProblemnameTOP进程异常\\r\\nHost: Zabbix serverSeverity: DisasterOriginal problem ID: 123', 2, 3, 'No media defined for user.', 1, 0, ' ', ' ')}
2018-10-21 20:50:32,539 - onrecv_thread ] - INFO: RecvToWrite_Q队列put一条成功
2018-10-21 20:50:34,540 - onrecv_thread ] - INFO: 请求获取告警通讯队列完成:{'head': '101', 'data': (25, 3, 124, 1, '20181021 13:48:54', ' ', '', '故障恢复: TOP进程异常', 'Problem has been resolved at13:48:53on2018.10.21Problem name: TOP进程异常Host: Zabbix serverSeverity: DisasterOriginal problem ID: 123', 2, 3, 'No media defined for user.', 1, 0, 123, ' ')}
2018-10-21 20:50:34,541 - onrecv_thread ] - INFO: RecvToWrite_Q队列put一条成功
2018-10-21 20:50:34,565 - onwrite_thread ] - INFO: 监测到队列RecvToWrite_Q有消息，准备将消息写入OnWrite.txt文件
2018-10-21 20:50:34,566 - onwrite_thread ] - INFO: OnWrite.txt文件写入消息:Problem started at 13:48:23 on 2018.10.21ProblemnameTOP进程异常\r\nHost: Zabbix serverSeverity: DisasterOriginal problem ID: 123
2018-10-21 20:50:34,567 - onwrite_thread ] - INFO: 监测到队列RecvToWrite_Q有消息，准备将消息写入OnWrite.txt文件
2018-10-21 20:50:34,568 - onwrite_thread ] - INFO: OnWrite.txt文件写入消息:Problem has been resolved at13:48:53on2018.10.21Problem name: TOP进程异常Host: Zabbix serverSeverity: DisasterOriginal problem ID: 123
2018-10-21 20:50:36,541 - onrecv_thread ] - INFO: 请求获取告警通讯队列完成:{'head': '101', 'data': (26, 3, 125, 1, '20181021 14:34:35', ' ', '', '故障: TOP进程异常', 'Problem started at 14:34:33 on 2018.10.21ProblemnameTOP进程异常\\r\\nHost: Zabbix serverSeverity: DisasterOriginal problem ID: 125', 2, 3, 'No media defined for user.', 1, 0, ' ', ' ')}
2018-10-21 20:50:36,542 - onrecv_thread ] - INFO: RecvToWrite_Q队列put一条成功
2018-10-21 20:50:37,570 - onwrite_thread ] - INFO: 监测到队列RecvToWrite_Q有消息，准备将消息写入OnWrite.txt文件
2018-10-21 20:50:37,570 - onwrite_thread ] - INFO: OnWrite.txt文件写入消息:Problem started at 14:34:33 on 2018.10.21ProblemnameTOP进程异常\r\nHost: Zabbix serverSeverity: DisasterOriginal problem ID: 125
2018-10-21 20:50:38,542 - onrecv_thread ] - INFO: 请求获取告警通讯队列完成:{'head': '101', 'data': (27, 3, 126, 1, '20181021 14:37:17', ' ', '', '故障恢复: TOP进程异常', 'Problem has been resolved at14:37:13on2018.10.21Problem name: TOP进程异常Host: Zabbix serverSeverity: DisasterOriginal problem ID: 125', 2, 3, 'No media defined for user.', 1, 0, 125, ' ')}
2018-10-21 20:50:38,542 - onrecv_thread ] - INFO: RecvToWrite_Q队列put一条成功
2018-10-21 20:50:40,542 - onrecv_thread ] - INFO: 请求获取告警通讯队列完成:{'head': '101', 'data': (28, 3, 127, 1, '20181021 14:39:44', ' ', '', '故障: TOP进程异常', 'Problem started at 14:39:43 on 2018.10.21ProblemnameTOP进程异常\\r\\nHost: Zabbix serverSeverity: DisasterOriginal problem ID: 127', 2, 3, 'No media defined for user.', 1, 0, ' ', ' ')}
2018-10-21 20:50:40,542 - onrecv_thread ] - INFO: RecvToWrite_Q队列put一条成功
2018-10-21 20:50:40,572 - onwrite_thread ] - INFO: 监测到队列RecvToWrite_Q有消息，准备将消息写入OnWrite.txt文件
2018-10-21 20:50:40,573 - onwrite_thread ] - INFO: OnWrite.txt文件写入消息:Problem has been resolved at14:37:13on2018.10.21Problem name: TOP进程异常Host: Zabbix serverSeverity: DisasterOriginal problem ID: 125
2018-10-21 20:50:40,574 - onwrite_thread ] - INFO: 监测到队列RecvToWrite_Q有消息，准备将消息写入OnWrite.txt文件
2018-10-21 20:50:40,574 - onwrite_thread ] - INFO: OnWrite.txt文件写入消息:Problem started at 14:39:43 on 2018.10.21ProblemnameTOP进程异常\r\nHost: Zabbix serverSeverity: DisasterOriginal problem ID: 127
2018-10-21 20:50:42,543 - onrecv_thread ] - INFO: 请求获取告警通讯队列完成:{'head': '101', 'data': (29, 3, 128, 1, '20181021 15:02:03', ' ', '', '故障恢复: TOP进程异常', 'Problem has been resolved at15:02:03on2018.10.21Problem name: TOP进程异常Host: Zabbix serverSeverity: DisasterOriginal problem ID: 127', 2, 3, 'No media defined for user.', 1, 0, 127, ' ')}
2018-10-21 20:50:42,544 - onrecv_thread ] - INFO: RecvToWrite_Q队列put一条成功
2018-10-21 20:50:43,576 - onwrite_thread ] - INFO: 监测到队列RecvToWrite_Q有消息，准备将消息写入OnWrite.txt文件
2018-10-21 20:50:43,576 - onwrite_thread ] - INFO: OnWrite.txt文件写入消息:Problem has been resolved at15:02:03on2018.10.21Problem name: TOP进程异常Host: Zabbix serverSeverity: DisasterOriginal problem ID: 127
2018-10-21 20:50:44,544 - onrecv_thread ] - INFO: 请求获取告警通讯队列完成:{'head': '100', 'data': (30, 3, 129, 1, '20181021 20:17:44', ' ', '', '故障: TOP进程异常', 'Problem started at 20:17:43 on 2018.10.21ProblemnameTOP进程异常\\r\\nHost: Zabbix serverSeverity: DisasterOriginal problem ID: 129', 2, 3, 'No media defined for user.', 1, 0, ' ', ' ')}
2018-10-21 20:50:44,545 - onrecv_thread ] - INFO: RecvToWrite_Q队列put一条成功
2018-10-21 20:50:44,545 - onrecv_thread ] - INFO: 请求获取告警通讯队列发送,请求功能号:10001
2018-10-21 20:50:46,577 - onwrite_thread ] - INFO: 监测到队列RecvToWrite_Q有消息，准备将消息写入OnWrite.txt文件
2018-10-21 20:50:46,577 - onwrite_thread ] - INFO: OnWrite.txt文件写入消息:Problem started at 20:17:43 on 2018.10.21ProblemnameTOP进程异常\r\nHost: Zabbix serverSeverity: DisasterOriginal problem ID: 129
2018-10-21 20:50:50,001 - MainThread ] - INFO: 发送语音模块开关命令通知成功,当前状态 == stop
