2018-10-19 12:29:47,601 - MainThread ] - INFO: 监听服务线程启动成功
2018-10-19 12:29:47,601 - Thread-8 ] - INFO: 监听服务运行中
2018-10-19 12:29:47,885 - MainThread ] - INFO: 通讯队列初始化完成
2018-10-19 12:29:47,968 - MainThread ] - INFO: MainWindow.__init__ 初始化完成
2018-10-19 12:29:49,373 - MainThread ] - INFO: 数据库连接初始化完成
2018-10-19 12:29:51,644 - collect_thread ] - INFO: zabbix数据库连接指针初始化完成
2018-10-19 12:29:51,644 - MainThread ] - INFO: 采集模块线程启动成功
2018-10-19 12:29:51,645 - MainThread ] - INFO: 告警流水刷新线程A启动成功
2018-10-19 12:29:51,646 - collect_thread ] - INFO: 正在执行数据库采集模块
2018-10-19 12:29:51,647 - MainThread ] - INFO: 告警列表刷新线程B启动成功
2018-10-19 12:29:51,652 - collect_thread ] - INFO: 语音播放通讯队列put成功一条
2018-10-19 12:29:51,652 - collect_thread ] - INFO: 告警流水通讯队列put成功一条
2018-10-19 12:29:51,653 - collect_thread ] - INFO: 告警列表数据表insert成功一条
2018-10-19 12:29:51,653 - collect_thread ] - INFO: 语音播放通讯队列put成功一条
2018-10-19 12:29:51,653 - collect_thread ] - INFO: 告警流水通讯队列put成功一条
2018-10-19 12:29:51,654 - collect_thread ] - INFO: 告警列表数据表insert成功一条
2018-10-19 12:29:51,654 - collect_thread ] - INFO: 语音播放通讯队列put成功一条
2018-10-19 12:29:51,655 - collect_thread ] - INFO: 告警流水通讯队列put成功一条
2018-10-19 12:29:51,657 - collect_thread ] - INFO: 告警列表数据表insert成功一条
2018-10-19 12:29:51,657 - collect_thread ] - INFO: 语音播放通讯队列put成功一条
2018-10-19 12:29:51,657 - collect_thread ] - INFO: 告警流水通讯队列put成功一条
2018-10-19 12:29:51,658 - collect_thread ] - INFO: 告警列表数据表insert成功一条
2018-10-19 12:29:51,658 - collect_thread ] - INFO: 语音播放通讯队列put成功一条
2018-10-19 12:29:51,658 - collect_thread ] - INFO: 告警流水通讯队列put成功一条
2018-10-19 12:29:51,658 - collect_thread ] - INFO: 告警列表数据表insert成功一条
2018-10-19 12:29:51,658 - collect_thread ] - INFO: 语音播放通讯队列put成功一条
2018-10-19 12:29:51,658 - collect_thread ] - INFO: 告警流水通讯队列put成功一条
2018-10-19 12:29:51,658 - collect_thread ] - INFO: 告警列表数据表insert成功一条
2018-10-19 12:29:51,658 - collect_thread ] - INFO: 语音播放通讯队列put成功一条
2018-10-19 12:29:51,659 - collect_thread ] - INFO: 告警流水通讯队列put成功一条
2018-10-19 12:29:51,659 - collect_thread ] - INFO: 告警列表数据表insert成功一条
2018-10-19 12:29:51,659 - collect_thread ] - INFO: 语音播放通讯队列put成功一条
2018-10-19 12:29:51,659 - collect_thread ] - INFO: 告警流水通讯队列put成功一条
2018-10-19 12:29:51,659 - collect_thread ] - INFO: 告警列表数据表insert成功一条
2018-10-19 12:29:51,659 - collect_thread ] - INFO: 语音播放通讯队列put成功一条
2018-10-19 12:29:51,659 - collect_thread ] - INFO: 告警流水通讯队列put成功一条
2018-10-19 12:29:51,659 - collect_thread ] - INFO: 告警列表数据表insert成功一条
2018-10-19 12:29:51,659 - collect_thread ] - INFO: 语音播放通讯队列put成功一条
2018-10-19 12:29:51,660 - collect_thread ] - INFO: 告警流水通讯队列put成功一条
2018-10-19 12:29:51,660 - collect_thread ] - INFO: 告警列表数据表insert成功一条
2018-10-19 12:29:51,660 - collect_thread ] - INFO: 语音播放通讯队列put成功一条
2018-10-19 12:29:51,660 - collect_thread ] - INFO: 告警流水通讯队列put成功一条
2018-10-19 12:29:51,660 - collect_thread ] - INFO: 告警列表数据表insert成功一条
2018-10-19 12:29:51,660 - collect_thread ] - INFO: 语音播放通讯队列put成功一条
2018-10-19 12:29:51,660 - collect_thread ] - INFO: 告警流水通讯队列put成功一条
2018-10-19 12:29:51,660 - collect_thread ] - INFO: 告警列表数据表insert成功一条
2018-10-19 12:29:51,660 - collect_thread ] - INFO: 语音播放通讯队列put成功一条
2018-10-19 12:29:51,660 - collect_thread ] - INFO: 告警流水通讯队列put成功一条
2018-10-19 12:29:51,660 - collect_thread ] - INFO: 告警列表数据表insert成功一条
2018-10-19 12:29:51,661 - collect_thread ] - INFO: 语音播放通讯队列put成功一条
2018-10-19 12:29:51,661 - collect_thread ] - INFO: 告警流水通讯队列put成功一条
2018-10-19 12:29:51,661 - collect_thread ] - INFO: 告警列表数据表insert成功一条
2018-10-19 12:29:51,661 - collect_thread ] - INFO: 语音播放通讯队列put成功一条
2018-10-19 12:29:51,661 - collect_thread ] - INFO: 告警流水通讯队列put成功一条
2018-10-19 12:29:51,661 - collect_thread ] - INFO: 告警列表数据表insert成功一条
2018-10-19 12:29:51,662 - collect_thread ] - INFO: 语音播放通讯队列put成功一条
2018-10-19 12:29:51,662 - collect_thread ] - INFO: 告警流水通讯队列put成功一条
2018-10-19 12:29:51,662 - collect_thread ] - INFO: 告警列表数据表insert成功一条
2018-10-19 12:29:51,662 - collect_thread ] - INFO: 语音播放通讯队列put成功一条
2018-10-19 12:29:51,662 - collect_thread ] - INFO: 告警流水通讯队列put成功一条
2018-10-19 12:29:51,662 - collect_thread ] - INFO: 告警列表数据表insert成功一条
2018-10-19 12:29:51,662 - collect_thread ] - INFO: 语音播放通讯队列put成功一条
2018-10-19 12:29:51,662 - collect_thread ] - INFO: 告警流水通讯队列put成功一条
2018-10-19 12:29:51,662 - collect_thread ] - INFO: 告警列表数据表insert成功一条
2018-10-19 12:29:51,662 - collect_thread ] - INFO: 语音播放通讯队列put成功一条
2018-10-19 12:29:51,663 - collect_thread ] - INFO: 告警流水通讯队列put成功一条
2018-10-19 12:29:51,663 - collect_thread ] - INFO: 告警列表数据表insert成功一条
2018-10-19 12:29:51,663 - collect_thread ] - INFO: 当前最新告警时间:20181019 12:16:01
2018-10-19 12:29:51,663 - collect_thread ] - INFO: 通讯队列tx_queue1消息数：19
2018-10-19 12:29:51,663 - collect_thread ] - INFO: 通讯队列tx_queue2消息数：19
2018-10-19 12:29:51,663 - collect_thread ] - INFO: 线程事件驱动更新为:
2018-10-19 12:29:51,664 - alertlist_thread_a ] - INFO: 主事件绿灯,准备查询tx_queue2队列、更新AlertList_A
2018-10-19 12:29:51,664 - alertlist_thread_b ] - INFO: 主事件绿灯,准备查询内存数据库
2018-10-19 12:29:51,812 - alertlist_thread_b ] - INFO: 事件清除...
2018-10-19 12:30:01,668 - collect_thread ] - INFO: 正在执行数据库采集模块
2018-10-19 12:30:11,678 - collect_thread ] - INFO: 正在执行数据库采集模块
2018-10-19 12:30:21,717 - collect_thread ] - INFO: 正在执行数据库采集模块
2018-10-19 12:30:31,725 - collect_thread ] - INFO: 正在执行数据库采集模块
2018-10-19 12:30:41,731 - collect_thread ] - INFO: 正在执行数据库采集模块
2018-10-19 12:30:51,735 - collect_thread ] - INFO: 正在执行数据库采集模块
2018-10-19 12:31:01,740 - collect_thread ] - INFO: 正在执行数据库采集模块
2018-10-19 12:31:11,747 - collect_thread ] - INFO: 正在执行数据库采集模块
2018-10-19 12:31:21,758 - collect_thread ] - INFO: 正在执行数据库采集模块
2018-10-19 12:31:31,763 - collect_thread ] - INFO: 正在执行数据库采集模块
2018-10-19 12:31:41,766 - collect_thread ] - INFO: 正在执行数据库采集模块
2018-10-19 12:31:51,769 - collect_thread ] - INFO: 正在执行数据库采集模块
2018-10-19 12:32:01,775 - collect_thread ] - INFO: 正在执行数据库采集模块
2018-10-19 12:32:11,778 - collect_thread ] - INFO: 正在执行数据库采集模块
2018-10-19 12:32:21,786 - collect_thread ] - INFO: 正在执行数据库采集模块
2018-10-19 12:32:31,793 - collect_thread ] - INFO: 正在执行数据库采集模块
2018-10-19 12:32:41,797 - collect_thread ] - INFO: 正在执行数据库采集模块
2018-10-19 12:32:51,808 - collect_thread ] - INFO: 正在执行数据库采集模块
