2018-10-21 02:06:30,305 - MainThread ] - INFO: 连接到语音模块失败[WinError 10061] 由于目标计算机积极拒绝，无法连接。
2018-10-21 02:06:32,497 - MainThread ] - INFO: ClientWindow.__init__ 初始化完成
2018-10-21 02:06:33,638 - MainThread ] - INFO: 服务器连接成功
2018-10-21 02:06:34,706 - MainThread ] - INFO: 打印日志线程启动成功
2018-10-21 02:06:35,560 - onrecv_thread ] - INFO: 请求获取告警通讯队列发送,请求功能号:10000
2018-10-21 02:06:35,560 - onrecv_thread ] - INFO: 请求获取告警通讯队列完成:{'head': '101', 'data': (1, 3, 99, 1, '20181020 20:23:55', ' ', '', '故障: TOP进程异常', 'Problem started at 20:23:53 on 2018.10.20\\r\\nProblem name: TOP进程异常\\r\\nHost: Zabbix server\\r\\nSeverity: Disaster\\r\\n\\r\\nOriginal problem ID: 99\\r\\n', 2, 3, 'No media defined for user.', 1, 0, ' ', ' ')}
2018-10-21 02:06:35,561 - onrecv_thread ] - INFO: RecvToWrite_Q队列put一条成功
2018-10-21 02:06:36,561 - onrecv_thread ] - INFO: 请求获取告警通讯队列完成:{'head': '101', 'data': (2, 3, 101, 1, '20181020 20:50:06', ' ', '', '故障: TOP进程异常', 'Problem started at 20:50:03 on 2018.10.20\\r\\nProblem name: TOP进程异常\\r\\nHost: Zabbix server\\r\\nSeverity: Disaster\\r\\n\\r\\nOriginal problem ID: 101\\r\\n', 2, 3, 'No media defined for user.', 1, 0, ' ', ' ')}
2018-10-21 02:06:36,561 - onrecv_thread ] - INFO: RecvToWrite_Q队列put一条成功
2018-10-21 02:06:37,562 - onrecv_thread ] - INFO: 请求获取告警通讯队列完成:{'head': '101', 'data': (3, 3, 102, 1, '20181020 21:00:45', ' ', '', '故障恢复: TOP进程异常', 'Problem has been resolved at 21:00:43 on 2018.10.20\\r\\nProblem name: TOP进程异常\\r\\nHost: Zabbix server\\r\\nSeverity: Disaster\\r\\n\\r\\nOriginal problem ID: 101\\r\\n', 2, 3, 'No media defined for user.', 1, 0, 101, ' ')}
2018-10-21 02:06:37,563 - onrecv_thread ] - INFO: RecvToWrite_Q队列put一条成功
2018-10-21 02:06:38,560 - onwrite_thread ] - INFO: 监测到队列RecvToWrite_Q有消息，准备将消息写入OnWrite.txt文件
2018-10-21 02:06:38,561 - onwrite_thread ] - INFO: OnWrite.txt文件写入消息:Problem started at 20:23:53 on 2018.10.20\r\nProblem name: TOP进程异常\r\nHost: Zabbix server\r\nSeverity: Disaster\r\n\r\nOriginal problem ID: 99\r\n
2018-10-21 02:06:38,562 - onwrite_thread ] - INFO: 监测到队列RecvToWrite_Q有消息，准备将消息写入OnWrite.txt文件
2018-10-21 02:06:38,563 - onrecv_thread ] - INFO: 请求获取告警通讯队列完成:{'head': '101', 'data': (4, 3, 103, 1, '20181020 21:43:56', ' ', '', '故障: TOP进程异常', 'Problem started at 21:43:53 on 2018.10.20\\r\\nProblem name: TOP进程异常\\r\\nHost: Zabbix server\\r\\nSeverity: Disaster\\r\\n\\r\\nOriginal problem ID: 103\\r\\n', 2, 3, 'No media defined for user.', 1, 0, ' ', ' ')}
2018-10-21 02:06:38,564 - onrecv_thread ] - INFO: RecvToWrite_Q队列put一条成功
2018-10-21 02:06:38,564 - onwrite_thread ] - INFO: OnWrite.txt文件写入消息:Problem started at 20:50:03 on 2018.10.20\r\nProblem name: TOP进程异常\r\nHost: Zabbix server\r\nSeverity: Disaster\r\n\r\nOriginal problem ID: 101\r\n
2018-10-21 02:06:38,565 - onwrite_thread ] - INFO: 监测到队列RecvToWrite_Q有消息，准备将消息写入OnWrite.txt文件
2018-10-21 02:06:38,566 - onwrite_thread ] - INFO: OnWrite.txt文件写入消息:Problem has been resolved at 21:00:43 on 2018.10.20\r\nProblem name: TOP进程异常\r\nHost: Zabbix server\r\nSeverity: Disaster\r\n\r\nOriginal problem ID: 101\r\n
2018-10-21 02:06:38,567 - onwrite_thread ] - INFO: 监测到队列RecvToWrite_Q有消息，准备将消息写入OnWrite.txt文件
2018-10-21 02:06:38,567 - onwrite_thread ] - INFO: OnWrite.txt文件写入消息:Problem started at 21:43:53 on 2018.10.20\r\nProblem name: TOP进程异常\r\nHost: Zabbix server\r\nSeverity: Disaster\r\n\r\nOriginal problem ID: 103\r\n
2018-10-21 02:06:39,564 - onrecv_thread ] - INFO: 请求获取告警通讯队列完成:{'head': '101', 'data': (5, 3, 104, 1, '20181021 00:36:14', ' ', '', '故障恢复: TOP进程异常', 'Problem has been resolved at 00:36:13 on 2018.10.21\\r\\nProblem name: TOP进程异常\\r\\nHost: Zabbix server\\r\\nSeverity: Disaster\\r\\n\\r\\nOriginal problem ID: 103\\r\\n', 2, 3, 'No media defined for user.', 1, 0, 103, ' ')}
2018-10-21 02:06:39,565 - onrecv_thread ] - INFO: RecvToWrite_Q队列put一条成功
2018-10-21 02:06:40,566 - onrecv_thread ] - INFO: 请求获取告警通讯队列完成:{'head': '101', 'data': (6, 3, 105, 1, '20181021 00:45:06', ' ', '', '故障: TOP进程异常', 'Problem started at 00:45:03 on 2018.10.21\\r\\nProblem name: TOP进程异常\\r\\nHost: Zabbix server\\r\\nSeverity: Disaster\\r\\n\\r\\nOriginal problem ID: 105\\r\\n', 2, 3, 'No media defined for user.', 1, 0, ' ', ' ')}
2018-10-21 02:06:40,566 - onrecv_thread ] - INFO: RecvToWrite_Q队列put一条成功
2018-10-21 02:06:41,567 - onrecv_thread ] - INFO: 请求获取告警通讯队列完成:{'head': '101', 'data': (7, 3, 106, 1, '20181021 00:54:45', ' ', '', '故障恢复: TOP进程异常', 'Problem has been resolved at 00:54:43 on 2018.10.21\\r\\nProblem name: TOP进程异常\\r\\nHost: Zabbix server\\r\\nSeverity: Disaster\\r\\n\\r\\nOriginal problem ID: 105\\r\\n', 2, 3, 'No media defined for user.', 1, 0, 105, ' ')}
2018-10-21 02:06:41,567 - onrecv_thread ] - INFO: RecvToWrite_Q队列put一条成功
2018-10-21 02:06:41,569 - onwrite_thread ] - INFO: 监测到队列RecvToWrite_Q有消息，准备将消息写入OnWrite.txt文件
2018-10-21 02:06:41,569 - onwrite_thread ] - INFO: OnWrite.txt文件写入消息:Problem has been resolved at 00:36:13 on 2018.10.21\r\nProblem name: TOP进程异常\r\nHost: Zabbix server\r\nSeverity: Disaster\r\n\r\nOriginal problem ID: 103\r\n
2018-10-21 02:06:41,570 - onwrite_thread ] - INFO: 监测到队列RecvToWrite_Q有消息，准备将消息写入OnWrite.txt文件
2018-10-21 02:06:41,571 - onwrite_thread ] - INFO: OnWrite.txt文件写入消息:Problem started at 00:45:03 on 2018.10.21\r\nProblem name: TOP进程异常\r\nHost: Zabbix server\r\nSeverity: Disaster\r\n\r\nOriginal problem ID: 105\r\n
2018-10-21 02:06:41,572 - onwrite_thread ] - INFO: 监测到队列RecvToWrite_Q有消息，准备将消息写入OnWrite.txt文件
2018-10-21 02:06:41,572 - onwrite_thread ] - INFO: OnWrite.txt文件写入消息:Problem has been resolved at 00:54:43 on 2018.10.21\r\nProblem name: TOP进程异常\r\nHost: Zabbix server\r\nSeverity: Disaster\r\n\r\nOriginal problem ID: 105\r\n
2018-10-21 02:06:42,567 - onrecv_thread ] - INFO: 请求获取告警通讯队列完成:{'head': '101', 'data': (8, 3, 107, 1, '20181021 01:02:16', ' ', '', '故障: TOP进程异常', 'Problem started at 01:02:13 on 2018.10.21\\r\\nProblem name: TOP进程异常\\r\\nHost: Zabbix server\\r\\nSeverity: Disaster\\r\\n\\r\\nOriginal problem ID: 107\\r\\n', 2, 3, 'No media defined for user.', 1, 0, ' ', ' ')}
2018-10-21 02:06:42,567 - onrecv_thread ] - INFO: RecvToWrite_Q队列put一条成功
2018-10-21 02:06:43,568 - onrecv_thread ] - INFO: 请求获取告警通讯队列完成:{'head': '101', 'data': (9, 3, 108, 1, '20181021 01:04:34', ' ', '', '故障恢复: TOP进程异常', 'Problem has been resolved at 01:04:33 on 2018.10.21\\r\\nProblem name: TOP进程异常\\r\\nHost: Zabbix server\\r\\nSeverity: Disaster\\r\\n\\r\\nOriginal problem ID: 107\\r\\n', 2, 3, 'No media defined for user.', 1, 0, 107, ' ')}
2018-10-21 02:06:43,569 - onrecv_thread ] - INFO: RecvToWrite_Q队列put一条成功
2018-10-21 02:06:44,570 - onrecv_thread ] - INFO: 请求获取告警通讯队列完成:{'head': '101', 'data': (10, 3, 109, 1, '20181021 01:09:16', ' ', '', '故障: TOP进程异常', 'Problem started at 01:09:13 on 2018.10.21\\r\\nProblem name: TOP进程异常\\r\\nHost: Zabbix server\\r\\nSeverity: Disaster\\r\\n\\r\\nOriginal problem ID: 109\\r\\n', 2, 3, 'No media defined for user.', 1, 0, ' ', ' ')}
2018-10-21 02:06:44,570 - onrecv_thread ] - INFO: RecvToWrite_Q队列put一条成功
2018-10-21 02:06:44,574 - onwrite_thread ] - INFO: 监测到队列RecvToWrite_Q有消息，准备将消息写入OnWrite.txt文件
2018-10-21 02:06:44,574 - onwrite_thread ] - INFO: OnWrite.txt文件写入消息:Problem started at 01:02:13 on 2018.10.21\r\nProblem name: TOP进程异常\r\nHost: Zabbix server\r\nSeverity: Disaster\r\n\r\nOriginal problem ID: 107\r\n
2018-10-21 02:06:44,575 - onwrite_thread ] - INFO: 监测到队列RecvToWrite_Q有消息，准备将消息写入OnWrite.txt文件
2018-10-21 02:06:44,575 - onwrite_thread ] - INFO: OnWrite.txt文件写入消息:Problem has been resolved at 01:04:33 on 2018.10.21\r\nProblem name: TOP进程异常\r\nHost: Zabbix server\r\nSeverity: Disaster\r\n\r\nOriginal problem ID: 107\r\n
2018-10-21 02:06:44,576 - onwrite_thread ] - INFO: 监测到队列RecvToWrite_Q有消息，准备将消息写入OnWrite.txt文件
2018-10-21 02:06:44,576 - onwrite_thread ] - INFO: OnWrite.txt文件写入消息:Problem started at 01:09:13 on 2018.10.21\r\nProblem name: TOP进程异常\r\nHost: Zabbix server\r\nSeverity: Disaster\r\n\r\nOriginal problem ID: 109\r\n
2018-10-21 02:06:45,570 - onrecv_thread ] - INFO: 请求获取告警通讯队列完成:{'head': '101', 'data': (11, 3, 110, 1, '20181021 01:22:55', ' ', '', '故障恢复: TOP进程异常', 'Problem has been resolved at 01:22:53 on 2018.10.21\\r\\nProblem name: TOP进程异常\\r\\nHost: Zabbix server\\r\\nSeverity: Disaster\\r\\n\\r\\nOriginal problem ID: 109\\r\\n', 2, 3, 'No media defined for user.', 1, 0, 109, ' ')}
2018-10-21 02:06:45,570 - onrecv_thread ] - INFO: RecvToWrite_Q队列put一条成功
2018-10-21 02:06:46,571 - onrecv_thread ] - INFO: 请求获取告警通讯队列完成:{'head': '101', 'data': (12, 3, 111, 1, '20181021 01:24:16', ' ', '', '故障: TOP进程异常', 'Problem started at 01:24:13 on 2018.10.21\\r\\nProblem name: TOP进程异常\\r\\nHost: Zabbix server\\r\\nSeverity: Disaster\\r\\n\\r\\nOriginal problem ID: 111\\r\\n', 2, 3, 'No media defined for user.', 1, 0, ' ', ' ')}
2018-10-21 02:06:46,571 - onrecv_thread ] - INFO: RecvToWrite_Q队列put一条成功
2018-10-21 02:06:47,571 - onrecv_thread ] - INFO: 请求获取告警通讯队列完成:{'head': '100', 'data': (13, 3, 112, 1, '20181021 01:30:04', ' ', '', '故障恢复: TOP进程异常', 'Problem has been resolved at 01:30:03 on 2018.10.21\\r\\nProblem name: TOP进程异常\\r\\nHost: Zabbix server\\r\\nSeverity: Disaster\\r\\n\\r\\nOriginal problem ID: 111\\r\\n', 2, 3, 'No media defined for user.', 1, 0, 111, ' ')}
2018-10-21 02:06:47,572 - onrecv_thread ] - INFO: RecvToWrite_Q队列put一条成功
2018-10-21 02:06:47,572 - onrecv_thread ] - INFO: 请求获取告警通讯队列发送,请求功能号:10001
2018-10-21 02:06:47,578 - onwrite_thread ] - INFO: 监测到队列RecvToWrite_Q有消息，准备将消息写入OnWrite.txt文件
2018-10-21 02:06:47,579 - onwrite_thread ] - INFO: OnWrite.txt文件写入消息:Problem has been resolved at 01:22:53 on 2018.10.21\r\nProblem name: TOP进程异常\r\nHost: Zabbix server\r\nSeverity: Disaster\r\n\r\nOriginal problem ID: 109\r\n
2018-10-21 02:06:47,579 - onwrite_thread ] - INFO: 监测到队列RecvToWrite_Q有消息，准备将消息写入OnWrite.txt文件
2018-10-21 02:06:47,579 - onwrite_thread ] - INFO: OnWrite.txt文件写入消息:Problem started at 01:24:13 on 2018.10.21\r\nProblem name: TOP进程异常\r\nHost: Zabbix server\r\nSeverity: Disaster\r\n\r\nOriginal problem ID: 111\r\n
2018-10-21 02:06:47,581 - onwrite_thread ] - INFO: 监测到队列RecvToWrite_Q有消息，准备将消息写入OnWrite.txt文件
2018-10-21 02:06:47,581 - onwrite_thread ] - INFO: OnWrite.txt文件写入消息:Problem has been resolved at 01:30:03 on 2018.10.21\r\nProblem name: TOP进程异常\r\nHost: Zabbix server\r\nSeverity: Disaster\r\n\r\nOriginal problem ID: 111\r\n
